<?xml version="1.0" encoding="UTF-8"?>
<!-- Generated by org.testng.reporters.JUnitReportReporter -->
<testsuite skipped="0" hostname="LAPTOP-FVI7LF5I" name="qaclickacademy.Maven.java.SeleniumTest" tests="2" failures="0" timestamp="2020-12-06T18:59:52 IST" time="0.011" errors="0">
  <testcase name="elementsUi" time="0.002" classname="qaclickacademy.Maven.java.SeleniumTest"/>
  <system-out/>
  <testcase name="BrowserAutomation" time="0.009" classname="qaclickacademy.Maven.java.SeleniumTest"/>
  <system-out/>
</testsuite> <!-- qaclickacademy.Maven.java.SeleniumTest -->
