<?xml version="1.0" encoding="UTF-8"?>
<!-- Generated by org.testng.reporters.JUnitReportReporter -->
<testsuite skipped="0" hostname="LAPTOP-FVI7LF5I" name="qaclickacademy.Maven.java.RESTAPITest" tests="2" failures="0" timestamp="2020-11-24T12:05:43 IST" time="0.003" errors="0">
  <testcase name="deleteTwitter" time="0.002" classname="qaclickacademy.Maven.java.RESTAPITest"/>
  <system-out/>
  <testcase name="PostZira" time="0.001" classname="qaclickacademy.Maven.java.RESTAPITest"/>
  <system-out/>
</testsuite> <!-- qaclickacademy.Maven.java.RESTAPITest -->
