<?xml version="1.0" encoding="UTF-8"?>
<!-- Generated by org.testng.reporters.JUnitReportReporter -->
<testsuite skipped="0" hostname="LAPTOP-FVI7LF5I" name="qaclickacademy.Maven.java.AppiumTest" tests="2" failures="0" timestamp="2020-11-25T20:46:46 IST" time="0.011" errors="0">
  <testcase name="NativeAppAndroid" time="0.002" classname="qaclickacademy.Maven.java.AppiumTest"/>
  <system-out/>
  <testcase name="IOSApps" time="0.009" classname="qaclickacademy.Maven.java.AppiumTest"/>
  <system-out/>
</testsuite> <!-- qaclickacademy.Maven.java.AppiumTest -->
