<?xml version="1.0" encoding="UTF-8"?>
<!-- Generated by org.testng.reporters.JUnitReportReporter -->
<testsuite skipped="0" hostname="LAPTOP-FVI7LF5I" name="qaclickacademy.Maven.java.SeleniumTest" tests="2" failures="0" timestamp="05 Dec 2020 13:20:29 GMT" time="0.020" errors="0">
  <testcase name="BrowserAutomation" time="0.020" classname="qaclickacademy.Maven.java.SeleniumTest"/>
  <testcase name="elementsUi" time="0.000" classname="qaclickacademy.Maven.java.SeleniumTest"/>
</testsuite> <!-- qaclickacademy.Maven.java.SeleniumTest -->
