<?xml version="1.0" encoding="UTF-8"?>
<!-- Generated by org.testng.reporters.JUnitReportReporter -->
<testsuite skipped="0" hostname="LAPTOP-FVI7LF5I" name="qaclickacademy.Maven.java.RESTAPITest" tests="2" failures="0" timestamp="05 Dec 2020 13:20:29 GMT" time="0.000" errors="0">
  <testcase name="deleteTwitter" time="0.000" classname="qaclickacademy.Maven.java.RESTAPITest"/>
  <testcase name="PostZira" time="0.000" classname="qaclickacademy.Maven.java.RESTAPITest"/>
</testsuite> <!-- qaclickacademy.Maven.java.RESTAPITest -->
